[ 2016-03-19T00:28:06+08:00 ] 127.0.0.1 /zend/Mail1.1/index.php/User/modiPassProcess
INFO: [ app_begin ] --START--
INFO: Run ReadHtmlCache Behavior [ RunTime:0.000869s ]
INFO: [ app_begin ] --END-- [ RunTime:0.000941s ]
NOTIC: [8] Undefined index: origin D:\phpenv\apache\htdocs\zend\Mail1.1\Home\Lib\Action\UserAction.class.php 第 182 行.
NOTIC: [8] Undefined index: confirm D:\phpenv\apache\htdocs\zend\Mail1.1\Home\Lib\Action\UserAction.class.php 第 183 行.
SQL: SHOW COLUMNS FROM `mail_user` [ RunTime:0.150338s ]
SQL: SELECT `username`,`password` FROM `mail_user` WHERE ( `username` = '温德盛' ) LIMIT 1   [ RunTime:0.000256s ]

[ 2016-03-19T00:30:19+08:00 ] 127.0.0.1 /zend/Mail1.1/index.php/User/modiPassProcess
INFO: [ app_begin ] --START--
INFO: Run ReadHtmlCache Behavior [ RunTime:0.001166s ]
INFO: [ app_begin ] --END-- [ RunTime:0.001338s ]
NOTIC: [8] Undefined index: origin D:\phpenv\apache\htdocs\zend\Mail1.1\Home\Lib\Action\UserAction.class.php 第 182 行.
NOTIC: [8] Undefined index: confirm D:\phpenv\apache\htdocs\zend\Mail1.1\Home\Lib\Action\UserAction.class.php 第 183 行.
SQL: SHOW COLUMNS FROM `mail_user` [ RunTime:0.007046s ]
SQL: SELECT `username`,`password` FROM `mail_user` WHERE ( `username` = '温德盛' ) LIMIT 1   [ RunTime:0.000259s ]

[ 2016-03-19T00:32:55+08:00 ] 127.0.0.1 /zend/Mail1.1/index.php/User/modiPassProcess
INFO: [ app_begin ] --START--
INFO: Run ReadHtmlCache Behavior [ RunTime:0.000998s ]
INFO: [ app_begin ] --END-- [ RunTime:0.001111s ]
NOTIC: [8] Undefined index: origin D:\phpenv\apache\htdocs\zend\Mail1.1\Home\Lib\Action\UserAction.class.php 第 182 行.
NOTIC: [8] Undefined index: confirm D:\phpenv\apache\htdocs\zend\Mail1.1\Home\Lib\Action\UserAction.class.php 第 183 行.
SQL: SHOW COLUMNS FROM `mail_user` [ RunTime:0.144478s ]
SQL: SELECT `username`,`password` FROM `mail_user` WHERE ( `username` = '温德盛' ) LIMIT 1   [ RunTime:0.000295s ]

[ 2016-03-19T00:33:32+08:00 ] 127.0.0.1 /zend/Mail1.1/index.php/User/modiPassProcess
INFO: [ app_begin ] --START--
INFO: Run ReadHtmlCache Behavior [ RunTime:0.000977s ]
INFO: [ app_begin ] --END-- [ RunTime:0.001072s ]
NOTIC: [8] Undefined index: origin D:\phpenv\apache\htdocs\zend\Mail1.1\Home\Lib\Action\UserAction.class.php 第 182 行.
NOTIC: [8] Undefined index: confirm D:\phpenv\apache\htdocs\zend\Mail1.1\Home\Lib\Action\UserAction.class.php 第 183 行.
SQL: SHOW COLUMNS FROM `mail_user` [ RunTime:0.006849s ]
SQL: SELECT `username`,`password` FROM `mail_user` WHERE ( `username` = '温德盛' ) LIMIT 1   [ RunTime:0.000264s ]

[ 2016-03-19T00:35:15+08:00 ] 127.0.0.1 /zend/Mail1.1/index.php/User/modiPassProcess
INFO: [ app_begin ] --START--
INFO: Run ReadHtmlCache Behavior [ RunTime:0.001003s ]
INFO: [ app_begin ] --END-- [ RunTime:0.001090s ]
NOTIC: [8] Undefined index: origin D:\phpenv\apache\htdocs\zend\Mail1.1\Home\Lib\Action\UserAction.class.php 第 182 行.
NOTIC: [8] Undefined index: confirm D:\phpenv\apache\htdocs\zend\Mail1.1\Home\Lib\Action\UserAction.class.php 第 183 行.
SQL: SHOW COLUMNS FROM `mail_user` [ RunTime:0.050873s ]
SQL: SELECT `username`,`password` FROM `mail_user` WHERE ( `username` = '温德盛' ) LIMIT 1   [ RunTime:0.000329s ]

[ 2016-03-19T00:42:04+08:00 ] 127.0.0.1 /zend/Mail1.1/index.php/User/modiPassProcess
INFO: [ app_begin ] --START--
INFO: Run ReadHtmlCache Behavior [ RunTime:0.001176s ]
INFO: [ app_begin ] --END-- [ RunTime:0.001329s ]
NOTIC: [8] Undefined index: origin D:\phpenv\apache\htdocs\zend\Mail1.1\Home\Lib\Action\UserAction.class.php 第 182 行.
NOTIC: [8] Undefined index: confirm D:\phpenv\apache\htdocs\zend\Mail1.1\Home\Lib\Action\UserAction.class.php 第 183 行.
SQL: SHOW COLUMNS FROM `mail_user` [ RunTime:0.053842s ]
SQL: SELECT `username`,`password` FROM `mail_user` WHERE ( `username` = '温德盛' ) LIMIT 1   [ RunTime:0.000371s ]

[ 2016-03-19T11:06:31+08:00 ] 127.0.0.1 /zend/Mail1.1/index.php/User/modiPassProcess
INFO: [ app_begin ] --START--
INFO: Run ReadHtmlCache Behavior [ RunTime:0.000712s ]
INFO: [ app_begin ] --END-- [ RunTime:0.000785s ]
NOTIC: [8] Undefined index: origin D:\phpenv\apache\htdocs\zend\Mail1.1\Home\Lib\Action\UserAction.class.php 第 182 行.
NOTIC: [8] Undefined index: confirm D:\phpenv\apache\htdocs\zend\Mail1.1\Home\Lib\Action\UserAction.class.php 第 183 行.
SQL: SHOW COLUMNS FROM `mail_user` [ RunTime:0.005568s ]
SQL: SELECT `username`,`password` FROM `mail_user` WHERE ( `username` = '温德盛' ) LIMIT 1   [ RunTime:0.000301s ]

[ 2016-03-19T11:24:04+08:00 ] 127.0.0.1 /zend/Mail1.1/index.php/User/modiPassProcess
INFO: [ app_begin ] --START--
INFO: Run ReadHtmlCache Behavior [ RunTime:0.001370s ]
INFO: [ app_begin ] --END-- [ RunTime:0.001508s ]
NOTIC: [8] Undefined index: origin D:\phpenv\apache\htdocs\zend\Mail1.1\Home\Lib\Action\UserAction.class.php 第 182 行.
NOTIC: [8] Undefined index: confirm D:\phpenv\apache\htdocs\zend\Mail1.1\Home\Lib\Action\UserAction.class.php 第 183 行.
SQL: SHOW COLUMNS FROM `mail_user` [ RunTime:0.060994s ]
SQL: SELECT `username`,`password` FROM `mail_user` WHERE ( `username` = '温德盛' ) LIMIT 1   [ RunTime:0.000415s ]

[ 2016-03-19T11:24:33+08:00 ] 127.0.0.1 /zend/Mail1.1/index.php/User/modiPassProcess
INFO: [ app_begin ] --START--
INFO: Run ReadHtmlCache Behavior [ RunTime:0.000851s ]
INFO: [ app_begin ] --END-- [ RunTime:0.000925s ]
NOTIC: [8] Undefined index: origin D:\phpenv\apache\htdocs\zend\Mail1.1\Home\Lib\Action\UserAction.class.php 第 182 行.
NOTIC: [8] Undefined index: confirm D:\phpenv\apache\htdocs\zend\Mail1.1\Home\Lib\Action\UserAction.class.php 第 183 行.
SQL: SHOW COLUMNS FROM `mail_user` [ RunTime:0.051356s ]
SQL: SELECT `username`,`password` FROM `mail_user` WHERE ( `username` = '温德盛' ) LIMIT 1   [ RunTime:0.000332s ]

[ 2016-03-19T14:24:56+08:00 ] 127.0.0.1 /zend/Mail1.1/index.php/User/modiPassProcess
INFO: [ app_begin ] --START--
INFO: Run ReadHtmlCache Behavior [ RunTime:0.001097s ]
INFO: [ app_begin ] --END-- [ RunTime:0.001215s ]
NOTIC: [8] Undefined index: origin D:\phpenv\apache\htdocs\zend\Mail1.1\Home\Lib\Action\UserAction.class.php 第 182 行.
NOTIC: [8] Undefined index: confirm D:\phpenv\apache\htdocs\zend\Mail1.1\Home\Lib\Action\UserAction.class.php 第 183 行.
SQL: SHOW COLUMNS FROM `mail_user` [ RunTime:0.058911s ]
SQL: SELECT `username`,`password` FROM `mail_user` WHERE ( `username` = '温德盛' ) LIMIT 1   [ RunTime:0.000326s ]

[ 2016-03-19T14:25:08+08:00 ] 127.0.0.1 /zend/Mail1.1/index.php/User/modiPassProcess
INFO: [ app_begin ] --START--
INFO: Run ReadHtmlCache Behavior [ RunTime:0.000926s ]
INFO: [ app_begin ] --END-- [ RunTime:0.001018s ]
NOTIC: [8] Undefined index: origin D:\phpenv\apache\htdocs\zend\Mail1.1\Home\Lib\Action\UserAction.class.php 第 182 行.
NOTIC: [8] Undefined index: confirm D:\phpenv\apache\htdocs\zend\Mail1.1\Home\Lib\Action\UserAction.class.php 第 183 行.
SQL: SHOW COLUMNS FROM `mail_user` [ RunTime:0.057840s ]
SQL: SELECT `username`,`password` FROM `mail_user` WHERE ( `username` = '温德盛' ) LIMIT 1   [ RunTime:0.000285s ]

[ 2016-03-19T14:37:18+08:00 ] 127.0.0.1 /zend/Mail1.1/index.php/User/modiPassProcess
INFO: [ app_begin ] --START--
INFO: Run ReadHtmlCache Behavior [ RunTime:0.001224s ]
INFO: [ app_begin ] --END-- [ RunTime:0.001326s ]
NOTIC: [8] Undefined index: origin D:\phpenv\apache\htdocs\zend\Mail1.1\Home\Lib\Action\UserAction.class.php 第 182 行.
NOTIC: [8] Undefined index: confirm D:\phpenv\apache\htdocs\zend\Mail1.1\Home\Lib\Action\UserAction.class.php 第 183 行.
SQL: SHOW COLUMNS FROM `mail_user` [ RunTime:0.008507s ]
SQL: SELECT `username`,`password` FROM `mail_user` WHERE ( `username` = '温德盛' ) LIMIT 1   [ RunTime:0.000375s ]

[ 2016-03-19T17:36:37+08:00 ] ERR: (ThinkException) 非法操作:modiPassProcess
[ 2016-03-19T17:39:25+08:00 ] ERR: (ThinkException) 非法操作:modiPassProcess
[ 2016-03-19T17:40:03+08:00 ] ERR: (ThinkException) 非法操作:modiPassProcess
[ 2016-03-19T17:41:50+08:00 ] ERR: (ThinkException) 非法操作:modiPassProcess
[ 2016-03-19T17:42:32+08:00 ] ERR: (ThinkException) 非法操作:modiPassProcess
[ 2016-03-19T17:44:09+08:00 ] ERR: (ThinkException) 非法操作:modiPassProcess
[ 2016-03-19T17:45:22+08:00 ] 127.0.0.1 /zend/Mail1.1/index.php/User/getPass
INFO: [ app_begin ] --START--
INFO: Run ReadHtmlCache Behavior [ RunTime:0.000959s ]
INFO: [ app_begin ] --END-- [ RunTime:0.001051s ]
NOTIC: [8] Undefined index: origin D:\phpenv\apache\htdocs\zend\Mail1.1\Home\Lib\Action\UserAction.class.php 第 182 行.
NOTIC: [8] Undefined index: confirm D:\phpenv\apache\htdocs\zend\Mail1.1\Home\Lib\Action\UserAction.class.php 第 183 行.
SQL: SHOW COLUMNS FROM `mail_user` [ RunTime:0.058413s ]
SQL: SELECT `username`,`password` FROM `mail_user` WHERE ( `username` = '温德盛' ) LIMIT 1   [ RunTime:0.000316s ]

[ 2016-03-19T17:45:22+08:00 ] ERR: (ThinkException) 非法操作:modiPassProcess
[ 2016-03-19T17:49:51+08:00 ] ERR: (ThinkException) 非法操作:getPass
[ 2016-03-19T17:50:05+08:00 ] ERR: (ThinkException) 非法操作:getPass
[ 2016-03-19T23:58:30+08:00 ] 127.0.0.1 /zend/Mail1.1/index.php/User/modiPassProcess
INFO: [ app_begin ] --START--
INFO: Run ReadHtmlCache Behavior [ RunTime:0.001060s ]
INFO: [ app_begin ] --END-- [ RunTime:0.001160s ]
NOTIC: [8] Undefined index: id D:\phpenv\apache\htdocs\zend\Mail1.1\Home\Lib\Action\UserAction.class.php 第 200 行.

[ 2016-03-19T23:59:38+08:00 ] 127.0.0.1 /zend/Mail1.1/index.php/User/modiPassProcess
INFO: [ app_begin ] --START--
INFO: Run ReadHtmlCache Behavior [ RunTime:0.000860s ]
INFO: [ app_begin ] --END-- [ RunTime:0.000929s ]
NOTIC: [8] Undefined index: id D:\phpenv\apache\htdocs\zend\Mail1.1\Home\Lib\Action\UserAction.class.php 第 200 行.

