[ 2016-03-12T09:22:34+08:00 ] ERR: (ThinkException) 无法加载模块:lib
[ 2016-03-12T09:22:34+08:00 ] ERR: (ThinkException) 无法加载模块:lib
[ 2016-03-12T09:25:44+08:00 ] ERR: (ThinkException) 无法加载模块:lib
[ 2016-03-12T09:25:44+08:00 ] ERR: (ThinkException) 无法加载模块:lib
[ 2016-03-12T09:29:31+08:00 ] ERR: (ThinkException) 无法加载模块:lib
[ 2016-03-12T09:29:31+08:00 ] ERR: (ThinkException) 无法加载模块:lib
[ 2016-03-12T09:31:57+08:00 ] ERR: (ThinkException) 无法加载模块:lib
[ 2016-03-12T09:31:57+08:00 ] ERR: (ThinkException) 无法加载模块:lib
[ 2016-03-12T09:33:22+08:00 ] ERR: (ThinkException) 非法操作:lib
[ 2016-03-12T09:33:22+08:00 ] ERR: (ThinkException) 非法操作:lib
[ 2016-03-12T09:35:54+08:00 ] ERR: (ThinkException) 非法操作:lib
[ 2016-03-12T09:35:54+08:00 ] ERR: (ThinkException) 非法操作:lib
[ 2016-03-12T09:38:10+08:00 ] ERR: (ThinkException) 非法操作:Home
[ 2016-03-12T09:38:10+08:00 ] ERR: (ThinkException) 非法操作:Home
[ 2016-03-12T09:38:11+08:00 ] ERR: (ThinkException) 非法操作:Home
[ 2016-03-12T09:38:11+08:00 ] ERR: (ThinkException) 非法操作:Home
[ 2016-03-12T09:38:12+08:00 ] ERR: (ThinkException) 非法操作:Home
[ 2016-03-12T09:38:12+08:00 ] ERR: (ThinkException) 非法操作:Home
[ 2016-03-12T09:38:13+08:00 ] ERR: (ThinkException) 非法操作:Home
[ 2016-03-12T09:38:13+08:00 ] ERR: (ThinkException) 非法操作:Home
[ 2016-03-12T09:50:51+08:00 ] ERR: (ThinkException) 非法操作:login
[ 2016-03-12T09:51:55+08:00 ] ERR: (ThinkException) 非法操作:login
[ 2016-03-12T16:07:01+08:00 ] ERR: (ThinkException) 非法操作:revBox
[ 2016-03-12T16:07:03+08:00 ] ERR: (ThinkException) 非法操作:sendBox
[ 2016-03-12T16:07:04+08:00 ] ERR: (ThinkException) 非法操作:garbageBox
[ 2016-03-12T16:07:05+08:00 ] ERR: (ThinkException) 非法操作:revBox
[ 2016-03-12T16:07:07+08:00 ] ERR: (ThinkException) 非法操作:sendBox
[ 2016-03-12T16:07:08+08:00 ] ERR: (ThinkException) 非法操作:revBox
[ 2016-03-12T16:07:08+08:00 ] ERR: (ThinkException) 非法操作:garbageBox
[ 2016-03-12T16:07:10+08:00 ] ERR: (ThinkException) 非法操作:sendBox
[ 2016-03-12T16:07:11+08:00 ] ERR: (ThinkException) 非法操作:revBox
[ 2016-03-12T16:47:46+08:00 ] ERR: (ThinkException) 非法操作:ads
[ 2016-03-12T16:47:48+08:00 ] ERR: (ThinkException) 非法操作:revBox
[ 2016-03-12T16:47:51+08:00 ] ERR: (ThinkException) 非法操作:sendBox
[ 2016-03-12T16:47:52+08:00 ] ERR: (ThinkException) 非法操作:revBox
[ 2016-03-12T16:47:56+08:00 ] ERR: (ThinkException) 非法操作:revBox
[ 2016-03-12T16:47:59+08:00 ] ERR: (ThinkException) 非法操作:revBox
[ 2016-03-12T16:51:15+08:00 ] ERR: (ThinkException) 非法操作:ads
[ 2016-03-12T16:51:31+08:00 ] ERR: (ThinkException) 非法操作:ads
