[ 2016-03-15T12:22:00+08:00 ] 127.0.0.1 /zend/Mail1.1/index.php/User/getUserByDep/dep/1
INFO: [ app_begin ] --START--
INFO: Run ReadHtmlCache Behavior [ RunTime:0.000847s ]
INFO: [ app_begin ] --END-- [ RunTime:0.000914s ]
SQL: SHOW COLUMNS FROM `mail_user` [ RunTime:0.007125s ]

[ 2016-03-15T12:22:05+08:00 ] 127.0.0.1 /zend/Mail1.1/index.php/User/getUserByDep/dep/1
INFO: [ app_begin ] --START--
INFO: Run ReadHtmlCache Behavior [ RunTime:0.000882s ]
INFO: [ app_begin ] --END-- [ RunTime:0.000958s ]
SQL: SHOW COLUMNS FROM `mail_user` [ RunTime:0.057936s ]

[ 2016-03-15T12:22:53+08:00 ] 127.0.0.1 /zend/Mail1.1/index.php/User/getUserByDep/dep/%E4%BE%9B%E5%BA%94%E9%83%A8
INFO: [ app_begin ] --START--
INFO: Run ReadHtmlCache Behavior [ RunTime:0.000782s ]
INFO: [ app_begin ] --END-- [ RunTime:0.000847s ]
SQL: SHOW COLUMNS FROM `mail_user` [ RunTime:0.053619s ]

[ 2016-03-15T12:22:56+08:00 ] 127.0.0.1 /zend/Mail1.1/index.php/User/getUserByDep/dep/%E8%B4%A8%E9%87%8F%E9%83%A8
INFO: [ app_begin ] --START--
INFO: Run ReadHtmlCache Behavior [ RunTime:0.001071s ]
INFO: [ app_begin ] --END-- [ RunTime:0.001202s ]
SQL: SHOW COLUMNS FROM `mail_user` [ RunTime:0.042212s ]

[ 2016-03-15T12:31:04+08:00 ] 127.0.0.1 /zend/Mail1.1/index.php/User/getUserByDep/dep/%E6%8A%80%E6%9C%AF%E9%83%A8
INFO: [ app_begin ] --START--
INFO: Run ReadHtmlCache Behavior [ RunTime:0.000822s ]
INFO: [ app_begin ] --END-- [ RunTime:0.000888s ]
SQL: SHOW COLUMNS FROM `mail_user` [ RunTime:0.015605s ]
SQL: SELECT * FROM `mail_user` WHERE ( depname=$dep )  [ RunTime:0.000386s ]
ERR: Unknown column '$dep' in 'where clause'
 [ SQL语句 ] : SELECT * FROM `mail_user` WHERE ( depname=$dep ) 

[ 2016-03-15T12:31:07+08:00 ] 127.0.0.1 /zend/Mail1.1/index.php/User/getUserByDep/dep/%E7%A7%91%E6%8A%80%E9%83%A8
INFO: [ app_begin ] --START--
INFO: Run ReadHtmlCache Behavior [ RunTime:0.000823s ]
INFO: [ app_begin ] --END-- [ RunTime:0.000889s ]
SQL: SHOW COLUMNS FROM `mail_user` [ RunTime:0.058345s ]
SQL: SELECT * FROM `mail_user` WHERE ( depname=$dep )  [ RunTime:0.000371s ]
ERR: Unknown column '$dep' in 'where clause'
 [ SQL语句 ] : SELECT * FROM `mail_user` WHERE ( depname=$dep ) 

[ 2016-03-15T12:31:12+08:00 ] 127.0.0.1 /zend/Mail1.1/index.php/User/getUserByDep/dep/%E5%AE%A3%E4%BC%A0%E9%83%A8
INFO: [ app_begin ] --START--
INFO: Run ReadHtmlCache Behavior [ RunTime:0.000781s ]
INFO: [ app_begin ] --END-- [ RunTime:0.000846s ]
SQL: SHOW COLUMNS FROM `mail_user` [ RunTime:0.054774s ]
SQL: SELECT * FROM `mail_user` WHERE ( depname=$dep )  [ RunTime:0.000390s ]
ERR: Unknown column '$dep' in 'where clause'
 [ SQL语句 ] : SELECT * FROM `mail_user` WHERE ( depname=$dep ) 

[ 2016-03-15T12:51:02+08:00 ] 127.0.0.1 /zend/Mail1.1/index.php/User/getUserByDep/dep/%E6%8A%80%E6%9C%AF%E9%83%A8
INFO: [ app_begin ] --START--
INFO: Run ReadHtmlCache Behavior [ RunTime:0.000865s ]
INFO: [ app_begin ] --END-- [ RunTime:0.000933s ]
SQL: SHOW COLUMNS FROM `mail_user` [ RunTime:0.057980s ]
SQL: SELECT * FROM `mail_user` WHERE ( depname=$dep )  [ RunTime:0.000367s ]
ERR: Unknown column '$dep' in 'where clause'
 [ SQL语句 ] : SELECT * FROM `mail_user` WHERE ( depname=$dep ) 

[ 2016-03-15T12:51:06+08:00 ] 127.0.0.1 /zend/Mail1.1/index.php/User/getUserByDep/dep/%E4%BE%9B%E5%BA%94%E9%83%A8
INFO: [ app_begin ] --START--
INFO: Run ReadHtmlCache Behavior [ RunTime:0.000806s ]
INFO: [ app_begin ] --END-- [ RunTime:0.000874s ]
SQL: SHOW COLUMNS FROM `mail_user` [ RunTime:0.051688s ]
SQL: SELECT * FROM `mail_user` WHERE ( depname=$dep )  [ RunTime:0.000380s ]
ERR: Unknown column '$dep' in 'where clause'
 [ SQL语句 ] : SELECT * FROM `mail_user` WHERE ( depname=$dep ) 

[ 2016-03-15T12:51:33+08:00 ] 127.0.0.1 /zend/Mail1.1/index.php/User/getUserByDep/dep/%E6%8A%80%E6%9C%AF%E9%83%A8
INFO: [ app_begin ] --START--
INFO: Run ReadHtmlCache Behavior [ RunTime:0.000794s ]
INFO: [ app_begin ] --END-- [ RunTime:0.000859s ]
SQL: SHOW COLUMNS FROM `mail_user` [ RunTime:0.102265s ]
SQL: SELECT * FROM `mail_user` WHERE ( depname=$dep )  [ RunTime:0.000371s ]
ERR: Unknown column '$dep' in 'where clause'
 [ SQL语句 ] : SELECT * FROM `mail_user` WHERE ( depname=$dep ) 

[ 2016-03-15T12:51:36+08:00 ] 127.0.0.1 /zend/Mail1.1/index.php/User/getUserByDep/dep/%E7%A7%91%E6%8A%80%E9%83%A8
INFO: [ app_begin ] --START--
INFO: Run ReadHtmlCache Behavior [ RunTime:0.000807s ]
INFO: [ app_begin ] --END-- [ RunTime:0.000873s ]
SQL: SHOW COLUMNS FROM `mail_user` [ RunTime:0.058489s ]
SQL: SELECT * FROM `mail_user` WHERE ( depname=$dep )  [ RunTime:0.000386s ]
ERR: Unknown column '$dep' in 'where clause'
 [ SQL语句 ] : SELECT * FROM `mail_user` WHERE ( depname=$dep ) 

[ 2016-03-15T12:51:41+08:00 ] 127.0.0.1 /zend/Mail1.1/index.php/User/getUserByDep/dep/%E5%AE%A3%E4%BC%A0%E9%83%A8
INFO: [ app_begin ] --START--
INFO: Run ReadHtmlCache Behavior [ RunTime:0.000879s ]
INFO: [ app_begin ] --END-- [ RunTime:0.000947s ]
SQL: SHOW COLUMNS FROM `mail_user` [ RunTime:0.054494s ]
SQL: SELECT * FROM `mail_user` WHERE ( depname=$dep )  [ RunTime:0.000343s ]
ERR: Unknown column '$dep' in 'where clause'
 [ SQL语句 ] : SELECT * FROM `mail_user` WHERE ( depname=$dep ) 

[ 2016-03-15T12:52:04+08:00 ] 127.0.0.1 /zend/Mail1.1/index.php/User/getUserByDep/dep/%E6%8A%80%E6%9C%AF%E9%83%A8
INFO: [ app_begin ] --START--
INFO: Run ReadHtmlCache Behavior [ RunTime:0.000793s ]
INFO: [ app_begin ] --END-- [ RunTime:0.000858s ]
SQL: SHOW COLUMNS FROM `mail_user` [ RunTime:0.005475s ]
SQL: SELECT * FROM `mail_user` WHERE ( depname=$dep )  [ RunTime:0.000340s ]
ERR: Unknown column '$dep' in 'where clause'
 [ SQL语句 ] : SELECT * FROM `mail_user` WHERE ( depname=$dep ) 

[ 2016-03-15T12:52:07+08:00 ] 127.0.0.1 /zend/Mail1.1/index.php/User/getUserByDep/dep/%E7%A7%91%E6%8A%80%E9%83%A8
INFO: [ app_begin ] --START--
INFO: Run ReadHtmlCache Behavior [ RunTime:0.000756s ]
INFO: [ app_begin ] --END-- [ RunTime:0.000823s ]
SQL: SHOW COLUMNS FROM `mail_user` [ RunTime:0.058923s ]
SQL: SELECT * FROM `mail_user` WHERE ( depname=$dep )  [ RunTime:0.000343s ]
ERR: Unknown column '$dep' in 'where clause'
 [ SQL语句 ] : SELECT * FROM `mail_user` WHERE ( depname=$dep ) 

[ 2016-03-15T12:57:22+08:00 ] 127.0.0.1 /zend/Mail1.1/index.php/User/getUserByDep/dep/%E5%AE%A3%E4%BC%A0%E9%83%A8
INFO: [ app_begin ] --START--
INFO: Run ReadHtmlCache Behavior [ RunTime:0.000804s ]
INFO: [ app_begin ] --END-- [ RunTime:0.000874s ]
SQL: SHOW COLUMNS FROM `mail_user` [ RunTime:0.050102s ]
SQL: SELECT * FROM `mail_user` WHERE ( depname=$dep )  [ RunTime:0.000399s ]
ERR: Unknown column '$dep' in 'where clause'
 [ SQL语句 ] : SELECT * FROM `mail_user` WHERE ( depname=$dep ) 

[ 2016-03-15T12:59:30+08:00 ] 127.0.0.1 /zend/Mail1.1/index.php/User/getUserByDep/dep/%E8%B4%A8%E9%87%8F%E9%83%A8
INFO: [ app_begin ] --START--
INFO: Run ReadHtmlCache Behavior [ RunTime:0.000795s ]
INFO: [ app_begin ] --END-- [ RunTime:0.000860s ]
SQL: SHOW COLUMNS FROM `mail_user` [ RunTime:0.051478s ]
SQL: SELECT * FROM `mail_user` WHERE ( depname=质量部 )  [ RunTime:0.000363s ]
ERR: Unknown column '质量部' in 'where clause'
 [ SQL语句 ] : SELECT * FROM `mail_user` WHERE ( depname=质量部 ) 

[ 2016-03-15T12:59:33+08:00 ] 127.0.0.1 /zend/Mail1.1/index.php/User/getUserByDep/dep/%E5%AE%A3%E4%BC%A0%E9%83%A8
INFO: [ app_begin ] --START--
INFO: Run ReadHtmlCache Behavior [ RunTime:0.000838s ]
INFO: [ app_begin ] --END-- [ RunTime:0.000907s ]
SQL: SHOW COLUMNS FROM `mail_user` [ RunTime:0.059673s ]
SQL: SELECT * FROM `mail_user` WHERE ( depname=宣传部 )  [ RunTime:0.000388s ]
ERR: Unknown column '宣传部' in 'where clause'
 [ SQL语句 ] : SELECT * FROM `mail_user` WHERE ( depname=宣传部 ) 

[ 2016-03-15T12:59:58+08:00 ] 127.0.0.1 /zend/Mail1.1/index.php/User/getUserByDep/dep/%E5%AE%A3%E4%BC%A0%E9%83%A8
INFO: [ app_begin ] --START--
INFO: Run ReadHtmlCache Behavior [ RunTime:0.000857s ]
INFO: [ app_begin ] --END-- [ RunTime:0.000924s ]
SQL: SHOW COLUMNS FROM `mail_user` [ RunTime:0.053208s ]
SQL: SELECT * FROM `mail_user` WHERE ( depname=宣传部 )  [ RunTime:0.000377s ]
ERR: Unknown column '宣传部' in 'where clause'
 [ SQL语句 ] : SELECT * FROM `mail_user` WHERE ( depname=宣传部 ) 

[ 2016-03-15T13:00:02+08:00 ] 127.0.0.1 /zend/Mail1.1/index.php/User/getUserByDep/dep/%E7%A7%91%E6%8A%80%E9%83%A8
INFO: [ app_begin ] --START--
INFO: Run ReadHtmlCache Behavior [ RunTime:0.000884s ]
INFO: [ app_begin ] --END-- [ RunTime:0.000958s ]
SQL: SHOW COLUMNS FROM `mail_user` [ RunTime:0.055092s ]
SQL: SELECT * FROM `mail_user` WHERE ( depname=科技部 )  [ RunTime:0.000379s ]
ERR: Unknown column '科技部' in 'where clause'
 [ SQL语句 ] : SELECT * FROM `mail_user` WHERE ( depname=科技部 ) 

